Traceback (most recent call last):
  File "/usr/local/lib/python3.7/site-packages/jupyter_cache/executors/basic.py", line 157, in execute
    executenb(nb_bundle.nb, cwd=tmpdirname)
  File "/usr/local/lib/python3.7/site-packages/nbconvert/preprocessors/execute.py", line 737, in executenb
    return ep.preprocess(nb, resources, km=km)[0]
  File "/usr/local/lib/python3.7/site-packages/nbconvert/preprocessors/execute.py", line 405, in preprocess
    nb, resources = super(ExecutePreprocessor, self).preprocess(nb, resources)
  File "/usr/local/lib/python3.7/site-packages/nbconvert/preprocessors/base.py", line 69, in preprocess
    nb.cells[index], resources = self.preprocess_cell(cell, resources, index)
  File "/usr/local/lib/python3.7/site-packages/nbconvert/preprocessors/execute.py", line 448, in preprocess_cell
    raise CellExecutionError.from_cell_and_msg(cell, out)
nbconvert.preprocessors.execute.CellExecutionError: An error occurred while executing the following cell:
------------------
mordor_file = "https://raw.githubusercontent.com/OTRF/mordor/master/datasets/small/windows/defense_evasion/empire_psinject.tar.gz"
registerMordorSQLTable(spark, mordor_file, "mordorTable")
------------------

[0;31m---------------------------------------------------------------------------[0m
[0;31mFileNotFoundError[0m                         Traceback (most recent call last)
[0;32m<ipython-input-2-bbabbffe7cba>[0m in [0;36m<module>[0;34m[0m
[1;32m      1[0m [0mmordor_file[0m [0;34m=[0m [0;34m"https://raw.githubusercontent.com/OTRF/mordor/master/datasets/small/windows/defense_evasion/empire_psinject.tar.gz"[0m[0;34m[0m[0;34m[0m[0m
[0;32m----> 2[0;31m [0mregisterMordorSQLTable[0m[0;34m([0m[0mspark[0m[0;34m,[0m [0mmordor_file[0m[0;34m,[0m [0;34m"mordorTable"[0m[0;34m)[0m[0;34m[0m[0;34m[0m[0m
[0m
[0;32m/usr/local/lib/python3.7/site-packages/openhunt/mordorutils.py[0m in [0;36mregisterMordorSQLTable[0;34m(spark, url, tableName)[0m
[1;32m     11[0m [0;34m[0m[0m
[1;32m     12[0m [0;32mdef[0m [0mregisterMordorSQLTable[0m[0;34m([0m[0mspark[0m[0;34m,[0m [0murl[0m[0;34m,[0m [0mtableName[0m[0;34m)[0m[0;34m:[0m[0;34m[0m[0;34m[0m[0m
[0;32m---> 13[0;31m     [0mmordorJSONPath[0m [0;34m=[0m [0mdownloadMordorFile[0m[0;34m([0m[0murl[0m[0;34m)[0m[0;34m[0m[0;34m[0m[0m
[0m[1;32m     14[0m     [0mmordorDF[0m [0;34m=[0m [0mreadJSON[0m[0;34m([0m[0mmordorJSONPath[0m[0;34m,[0m [0mspark[0m[0;34m)[0m[0;34m[0m[0;34m[0m[0m
[1;32m     15[0m     [0mmordorDF[0m [0;34m=[0m [0mprocessDataFrame[0m[0;34m([0m[0mmordorDF[0m[0;34m,[0m [0mspark[0m[0;34m)[0m[0;34m[0m[0;34m[0m[0m

[0;32m/usr/local/lib/python3.7/site-packages/openhunt/mordorutils.py[0m in [0;36mdownloadMordorFile[0;34m(url, dest)[0m
[1;32m      7[0m [0;32mdef[0m [0mdownloadMordorFile[0m[0;34m([0m[0murl[0m[0;34m,[0m [0mdest[0m[0;34m=[0m[0;34m"/tmp/"[0m[0;34m)[0m[0;34m:[0m[0;34m[0m[0;34m[0m[0m
[1;32m      8[0m     [0mmordorFile[0m [0;34m=[0m [0mdownloadFile[0m[0;34m([0m[0murl[0m[0;34m)[0m[0;34m[0m[0;34m[0m[0m
[0;32m----> 9[0;31m     [0mmordorJSONPath[0m [0;34m=[0m [0mdecompressJSON[0m[0;34m([0m[0mmordorFile[0m[0;34m)[0m[0;34m[0m[0;34m[0m[0m
[0m[1;32m     10[0m     [0;32mreturn[0m [0mmordorJSONPath[0m[0;34m[0m[0;34m[0m[0m
[1;32m     11[0m [0;34m[0m[0m

[0;32m/usr/local/lib/python3.7/site-packages/openhunt/utils.py[0m in [0;36mdecompressJSON[0;34m(filePath)[0m
[1;32m     15[0m [0;34m[0m[0m
[1;32m     16[0m [0;32mdef[0m [0mdecompressJSON[0m[0;34m([0m[0mfilePath[0m[0;34m)[0m[0;34m:[0m[0;34m[0m[0;34m[0m[0m
[0;32m---> 17[0;31m     [0mtf[0m [0;34m=[0m [0mtarfile[0m[0;34m.[0m[0mopen[0m[0;34m([0m[0mfilePath[0m[0;34m)[0m[0;34m[0m[0;34m[0m[0m
[0m[1;32m     18[0m     [0;32mfor[0m [0mmember[0m [0;32min[0m [0mtf[0m[0;34m.[0m[0mgetmembers[0m[0;34m([0m[0;34m)[0m[0;34m:[0m[0;34m[0m[0;34m[0m[0m
[1;32m     19[0m         [0mtf[0m[0;34m.[0m[0mextract[0m[0;34m([0m[0mmember[0m[0;34m)[0m[0;34m[0m[0;34m[0m[0m

[0;32m/usr/local/Cellar/python/3.7.6_1/Frameworks/Python.framework/Versions/3.7/lib/python3.7/tarfile.py[0m in [0;36mopen[0;34m(cls, name, mode, fileobj, bufsize, **kwargs)[0m
[1;32m   1571[0m                     [0msaved_pos[0m [0;34m=[0m [0mfileobj[0m[0;34m.[0m[0mtell[0m[0;34m([0m[0;34m)[0m[0;34m[0m[0;34m[0m[0m
[1;32m   1572[0m                 [0;32mtry[0m[0;34m:[0m[0;34m[0m[0;34m[0m[0m
[0;32m-> 1573[0;31m                     [0;32mreturn[0m [0mfunc[0m[0;34m([0m[0mname[0m[0;34m,[0m [0;34m"r"[0m[0;34m,[0m [0mfileobj[0m[0;34m,[0m [0;34m**[0m[0mkwargs[0m[0;34m)[0m[0;34m[0m[0;34m[0m[0m
[0m[1;32m   1574[0m                 [0;32mexcept[0m [0;34m([0m[0mReadError[0m[0;34m,[0m [0mCompressionError[0m[0;34m)[0m[0;34m:[0m[0;34m[0m[0;34m[0m[0m
[1;32m   1575[0m                     [0;32mif[0m [0mfileobj[0m [0;32mis[0m [0;32mnot[0m [0;32mNone[0m[0;34m:[0m[0;34m[0m[0;34m[0m[0m

[0;32m/usr/local/Cellar/python/3.7.6_1/Frameworks/Python.framework/Versions/3.7/lib/python3.7/tarfile.py[0m in [0;36mgzopen[0;34m(cls, name, mode, fileobj, compresslevel, **kwargs)[0m
[1;32m   1636[0m [0;34m[0m[0m
[1;32m   1637[0m         [0;32mtry[0m[0;34m:[0m[0;34m[0m[0;34m[0m[0m
[0;32m-> 1638[0;31m             [0mfileobj[0m [0;34m=[0m [0mgzip[0m[0;34m.[0m[0mGzipFile[0m[0;34m([0m[0mname[0m[0;34m,[0m [0mmode[0m [0;34m+[0m [0;34m"b"[0m[0;34m,[0m [0mcompresslevel[0m[0;34m,[0m [0mfileobj[0m[0;34m)[0m[0;34m[0m[0;34m[0m[0m
[0m[1;32m   1639[0m         [0;32mexcept[0m [0mOSError[0m[0;34m:[0m[0;34m[0m[0;34m[0m[0m
[1;32m   1640[0m             [0;32mif[0m [0mfileobj[0m [0;32mis[0m [0;32mnot[0m [0;32mNone[0m [0;32mand[0m [0mmode[0m [0;34m==[0m [0;34m'r'[0m[0;34m:[0m[0;34m[0m[0;34m[0m[0m

[0;32m/usr/local/Cellar/python/3.7.6_1/Frameworks/Python.framework/Versions/3.7/lib/python3.7/gzip.py[0m in [0;36m__init__[0;34m(self, filename, mode, compresslevel, fileobj, mtime)[0m
[1;32m    161[0m             [0mmode[0m [0;34m+=[0m [0;34m'b'[0m[0;34m[0m[0;34m[0m[0m
[1;32m    162[0m         [0;32mif[0m [0mfileobj[0m [0;32mis[0m [0;32mNone[0m[0;34m:[0m[0;34m[0m[0;34m[0m[0m
[0;32m--> 163[0;31m             [0mfileobj[0m [0;34m=[0m [0mself[0m[0;34m.[0m[0mmyfileobj[0m [0;34m=[0m [0mbuiltins[0m[0;34m.[0m[0mopen[0m[0;34m([0m[0mfilename[0m[0;34m,[0m [0mmode[0m [0;32mor[0m [0;34m'rb'[0m[0;34m)[0m[0;34m[0m[0;34m[0m[0m
[0m[1;32m    164[0m         [0;32mif[0m [0mfilename[0m [0;32mis[0m [0;32mNone[0m[0;34m:[0m[0;34m[0m[0;34m[0m[0m
[1;32m    165[0m             [0mfilename[0m [0;34m=[0m [0mgetattr[0m[0;34m([0m[0mfileobj[0m[0;34m,[0m [0;34m'name'[0m[0;34m,[0m [0;34m''[0m[0;34m)[0m[0;34m[0m[0;34m[0m[0m

[0;31mFileNotFoundError[0m: [Errno 2] No such file or directory: '/tmp/empire_psinject.tar.gz'
FileNotFoundError: [Errno 2] No such file or directory: '/tmp/empire_psinject.tar.gz'

